[2025-11-21T23:15:04.188Z] Env check:
DATABASE_URL: Present
VOYAGE_API_KEY: Present
[2025-11-21T23:26:29.770Z] Env check:
DATABASE_URL: Present
VOYAGE_API_KEY: Present
[2025-11-21T23:43:35.638Z] Env check:
DATABASE_URL: Present
VOYAGE_API_KEY: Present
[2025-11-21T23:50:56.651Z] Env check:
DATABASE_URL: Present
VOYAGE_API_KEY: Present
[2025-11-22T00:07:30.624Z] Env check:
DATABASE_URL: Present
VOYAGE_API_KEY: Present
[2025-11-22T01:30:28.683Z] Env check:
DATABASE_URL: Present
VOYAGE_API_KEY: Present
[2025-11-22T01:44:50.874Z] Env check:
DATABASE_URL: Present
VOYAGE_API_KEY: Present
[2025-11-22T01:48:36.338Z] Env check:
DATABASE_URL: Present
VOYAGE_API_KEY: Present
[2025-11-22T01:49:40.090Z] Env check:
DATABASE_URL: Present
VOYAGE_API_KEY: Present
[2025-11-22T01:49:46.419Z] Env check:
DATABASE_URL: Present
VOYAGE_API_KEY: Present
[2025-11-22T01:50:14.194Z] Env check:
DATABASE_URL: Present
VOYAGE_API_KEY: Present
[2025-11-22T01:55:15.563Z] Env check:
DATABASE_URL: Present
VOYAGE_API_KEY: Present
[2025-11-22T01:57:11.784Z] Env check:
DATABASE_URL: Present
VOYAGE_API_KEY: Present
[2025-11-22T02:07:38.172Z] Env check:
DATABASE_URL: Present
VOYAGE_API_KEY: Present
[2025-11-22T02:26:55.086Z] Env check:
DATABASE_URL: Present
VOYAGE_API_KEY: Present
[2025-11-22T03:24:00.585Z] Env check:
DATABASE_URL: Present
VOYAGE_API_KEY: Present
[2025-11-22T03:24:21.209Z] Env check:
DATABASE_URL: Present
VOYAGE_API_KEY: Present
[2025-11-22T05:15:50.231Z] Env check:
DATABASE_URL: Present
VOYAGE_API_KEY: Present
[2025-11-22T05:25:55.827Z] Env check:
DATABASE_URL: Present
VOYAGE_API_KEY: Present
[2025-11-22T06:29:26.294Z] Env check:
DATABASE_URL: Missing
VOYAGE_API_KEY: Missing
[2025-11-22T06:33:16.777Z] Env check:
DATABASE_URL: Present
VOYAGE_API_KEY: Present
[2025-11-22T06:44:17.492Z] Env check:
DATABASE_URL: Present
VOYAGE_API_KEY: Present
[2025-11-22T06:47:08.988Z] Env check:
DATABASE_URL: Present
VOYAGE_API_KEY: Present
[2025-11-22T06:48:13.679Z] Env check:
DATABASE_URL: Present
VOYAGE_API_KEY: Present
[2025-11-22T06:52:37.256Z] Env check:
DATABASE_URL: Present
VOYAGE_API_KEY: Present
[2025-11-22T06:57:31.834Z] Env check:
DATABASE_URL: Present
VOYAGE_API_KEY: Present
[2025-11-22T07:01:09.338Z] Env check:
DATABASE_URL: Present
VOYAGE_API_KEY: Present
[2025-11-22T07:30:24.647Z] Env check:
DATABASE_URL: Present
VOYAGE_API_KEY: Present
[2025-11-22T13:43:56.218Z] Env check:
DATABASE_URL: Missing
VOYAGE_API_KEY: Missing
[2025-11-22T13:43:57.306Z] Env check:
DATABASE_URL: Missing
VOYAGE_API_KEY: Missing
[2025-11-22T13:44:07.038Z] Env check:
DATABASE_URL: Present
VOYAGE_API_KEY: Present
[2025-11-22T13:44:36.406Z] Env check:
DATABASE_URL: Present
VOYAGE_API_KEY: Present
[2025-11-22T13:51:30.611Z] Env check:
DATABASE_URL: Present
VOYAGE_API_KEY: Present
[2025-11-22T13:52:41.155Z] Env check:
DATABASE_URL: Present
VOYAGE_API_KEY: Present
[2025-11-22T13:53:18.479Z] Env check:
DATABASE_URL: Present
VOYAGE_API_KEY: Present
